0 info it worked if it ends with ok
1 verbose cli [ '/usr/local/Cellar/nvm/0.25.4/versions/node/v4.2.3/bin/node',
1 verbose cli   '/usr/local/opt/nvm/versions/node/v4.2.3/bin/npm',
1 verbose cli   'link' ]
2 info using npm@3.5.2
3 info using node@v4.2.3
4 verbose linkPkg /Users/coder/repos/ad/githubrepos/yoyo
5 verbose stack Error: ENOENT: no such file or directory, open '/Users/coder/repos/ad/githubrepos/yoyo/package.json'
5 verbose stack     at Error (native)
6 verbose cwd /Users/coder/repos/ad/githubrepos/yoyo
7 error Darwin 15.0.0
8 error argv "/usr/local/Cellar/nvm/0.25.4/versions/node/v4.2.3/bin/node" "/usr/local/opt/nvm/versions/node/v4.2.3/bin/npm" "link"
9 error node v4.2.3
10 error npm  v3.5.2
11 error path /Users/coder/repos/ad/githubrepos/yoyo/package.json
12 error code ENOENT
13 error errno -2
14 error syscall open
15 error enoent ENOENT: no such file or directory, open '/Users/coder/repos/ad/githubrepos/yoyo/package.json'
16 error enoent ENOENT: no such file or directory, open '/Users/coder/repos/ad/githubrepos/yoyo/package.json'
16 error enoent This is most likely not a problem with npm itself
16 error enoent and is related to npm not being able to find a file.
17 verbose exit [ -2, true ]
